<?xml version="1.0" encoding="UTF-8"?>
<testng-results ignored="0" total="1" passed="1" failed="0" skipped="0">
  <reporter-output>
  </reporter-output>
  <suite started-at="2019-11-17T14:00:52 IST" name="cucumber" finished-at="2019-11-17T14:03:47 IST" duration-ms="175339">
    <groups>
    </groups>
    <test started-at="2019-11-17T14:00:52 IST" name="Testscript2" finished-at="2019-11-17T14:03:47 IST" duration-ms="175339">
      <class name="automationTestNG.Testscript2">
        <test-method is-config="true" signature="openBrowser()[pri:0, instance:automationTestNG.Testscript2@12e61fe6]" started-at="2019-11-17T14:00:52 IST" name="openBrowser" finished-at="2019-11-17T14:01:01 IST" duration-ms="8800" status="PASS">
          <reporter-output>
          </reporter-output>
        </test-method> <!-- openBrowser -->
        <test-method is-config="true" signature="login()[pri:0, instance:automationTestNG.Testscript2@12e61fe6]" started-at="2019-11-17T14:01:01 IST" name="login" finished-at="2019-11-17T14:01:58 IST" duration-ms="56645" status="PASS">
          <reporter-output>
          </reporter-output>
        </test-method> <!-- login -->
        <test-method signature="bookATicket()[pri:0, instance:automationTestNG.Testscript2@12e61fe6]" started-at="2019-11-17T14:01:58 IST" name="bookATicket" finished-at="2019-11-17T14:03:22 IST" duration-ms="84034" status="PASS">
          <reporter-output>
          </reporter-output>
        </test-method> <!-- bookATicket -->
        <test-method is-config="true" signature="logoff()[pri:0, instance:automationTestNG.Testscript2@12e61fe6]" started-at="2019-11-17T14:03:22 IST" name="logoff" finished-at="2019-11-17T14:03:45 IST" duration-ms="23435" status="PASS">
          <reporter-output>
          </reporter-output>
        </test-method> <!-- logoff -->
        <test-method is-config="true" signature="closeBrowser()[pri:0, instance:automationTestNG.Testscript2@12e61fe6]" started-at="2019-11-17T14:03:45 IST" name="closeBrowser" finished-at="2019-11-17T14:03:47 IST" duration-ms="2138" status="PASS">
          <reporter-output>
          </reporter-output>
        </test-method> <!-- closeBrowser -->
      </class> <!-- automationTestNG.Testscript2 -->
    </test> <!-- Testscript2 -->
  </suite> <!-- cucumber -->
</testng-results>
